This is e-pTeX, Version 3.14159265-p3.8.1-180226-2.6 (utf8.euc) (TeX Live 2018) (preloaded format=platex 2019.3.7)  1 JUN 2021 15:11
entering extended mode
 restricted \write18 enabled.
 %&-line parsing enabled.
**./images.tex
(./images.tex
pLaTeX2e <2018-12-01> (based on LaTeX2e <2018-12-01>)

(/usr/local/texlive/2018/texmf-dist/tex/platex/base/jarticle.cls
Document Class: jarticle 2018/10/25 v1.8a Standard pLaTeX class
\c@@paper=\count83
(/usr/local/texlive/2018/texmf-dist/tex/platex/base/jsize10.clo
File: jsize10.clo 2018/10/25 v1.8a Standard pLaTeX file (size option)
)
\c@part=\count84
\c@section=\count85
\c@subsection=\count86
\c@subsubsection=\count87
\c@paragraph=\count88
\c@subparagraph=\count89
\c@figure=\count90
\c@table=\count91
\abovecaptionskip=\skip41
\belowcaptionskip=\skip42
\symmincho=\mathgroup4
LaTeX Font Info:    Overwriting symbol font `mincho' in version `bold'
(Font)                  JY1/mc/m/n --> JY1/gt/m/n on input line 614.
\toclineskip=\dimen118
\@lnumwidth=\dimen119
\bibindent=\dimen120
\heisei=\count92
) (/usr/local/texlive/2018/texmf-dist/tex/latex/base/ifthen.sty
Package: ifthen 2014/09/29 v1.1c Standard LaTeX ifthen package (DPC)
) (/usr/local/texlive/2018/texmf-dist/tex/latex/graphics/graphicx.sty
Package: graphicx 2017/06/01 v1.1a Enhanced LaTeX Graphics (DPC,SPQR)
(/usr/local/texlive/2018/texmf-dist/tex/latex/graphics/keyval.sty
Package: keyval 2014/10/28 v1.15 key=value parser (DPC)
\KV@toks@=\toks15
) (/usr/local/texlive/2018/texmf-dist/tex/latex/graphics/graphics.sty
Package: graphics 2017/06/25 v1.2c Standard LaTeX Graphics (DPC,SPQR)
(/usr/local/texlive/2018/texmf-dist/tex/latex/graphics/trig.sty
Package: trig 2016/01/03 v1.10 sin cos tan (DPC)
) (/usr/local/texlive/2018/texmf-dist/tex/latex/graphics-cfg/graphics.cfg
File: graphics.cfg 2016/06/04 v1.11 sample graphics configuration
)
Package graphics Info: Driver file: dvipdfmx.def on input line 99.
(/usr/local/texlive/2018/texmf-dist/tex/latex/graphics-def/dvipdfmx.def
File: dvipdfmx.def 2017/06/24 v5.0g Graphics/color driver for dvipdfmx
))
\Gin@req@height=\dimen121
\Gin@req@width=\dimen122
) (/usr/local/texlive/2018/texmf-dist/tex/latex/ascmac/ascmac.sty
Package: ascmac 2018/03/09 v2.0h ascmac wrapper (community edition) 
(/usr/local/texlive/2018/texmf-dist/tex/latex/ascmac/tascmac.sty
Package: tascmac 2018/03/09 v2.0h ascmac package (community edition) 
\@savetbaselineshift=\dimen123
\@saveybaselineshift=\dimen124
\scb@x=\box43
\scscb@x=\box44
\@bw=\dimen125
\@nbox=\box45
\@nbody=\box46
\@scw=\dimen126
\ascmac@hoboxa=\box47
\ascmac@hoboxb=\box48
\@itemh=\dimen127
\@iboxpos=\toks16
\@iboxstr=\box49
\@bwsp=\box50
\@@bwsp=\box51
\@bcal=\count93
\shaderule=\dimen128
)) (/usr/local/texlive/2018/texmf-dist/tex/latex/amsmath/amsmath.sty
Package: amsmath 2018/12/01 v2.17b AMS math features
\@mathmargin=\skip43
For additional information on amsmath, use the `?' option.
(/usr/local/texlive/2018/texmf-dist/tex/latex/amsmath/amstext.sty
Package: amstext 2000/06/29 v2.01 AMS text
(/usr/local/texlive/2018/texmf-dist/tex/latex/amsmath/amsgen.sty
File: amsgen.sty 1999/11/30 v2.0 generic functions
\@emptytoks=\toks17
\ex@=\dimen129
)) (/usr/local/texlive/2018/texmf-dist/tex/latex/amsmath/amsbsy.sty
Package: amsbsy 1999/11/29 v1.2d Bold Symbols
\pmbraise@=\dimen130
) (/usr/local/texlive/2018/texmf-dist/tex/latex/amsmath/amsopn.sty
Package: amsopn 2016/03/08 v2.02 operator names
)
\inf@bad=\count94
LaTeX Info: Redefining \frac on input line 223.
\uproot@=\count95
\leftroot@=\count96
LaTeX Info: Redefining \overline on input line 385.
\classnum@=\count97
\DOTSCASE@=\count98
LaTeX Info: Redefining \ldots on input line 482.
LaTeX Info: Redefining \dots on input line 485.
LaTeX Info: Redefining \cdots on input line 606.
\Mathstrutbox@=\box52
\strutbox@=\box53
\big@size=\dimen131
LaTeX Font Info:    Redeclaring font encoding OML on input line 729.
LaTeX Font Info:    Redeclaring font encoding OMS on input line 730.
\macc@depth=\count99
\c@MaxMatrixCols=\count100
\dotsspace@=\muskip10
\c@parentequation=\count101
\dspbrk@lvl=\count102
\tag@help=\toks18
\row@=\count103
\column@=\count104
\maxfields@=\count105
\andhelp@=\toks19
\eqnshift@=\dimen132
\alignsep@=\dimen133
\tagshift@=\dimen134
\tagwidth@=\dimen135
\totwidth@=\dimen136
\lineht@=\dimen137
\@envbody=\toks20
\multlinegap=\skip44
\multlinetaggap=\skip45
\mathdisplay@stack=\toks21
LaTeX Info: Redefining \[ on input line 2844.
LaTeX Info: Redefining \] on input line 2845.
) (/usr/local/texlive/2018/texmf-dist/tex/latex/tools/bm.sty
Package: bm 2017/01/16 v1.2c Bold Symbol Support (DPC/FMi)
\symboldoperators=\mathgroup5
\symboldletters=\mathgroup6
\symboldsymbols=\mathgroup7
\symboldmincho=\mathgroup8
LaTeX Font Info:    Redeclaring math alphabet \mathbf on input line 141.
LaTeX Info: Redefining \bm on input line 207.
) (/usr/local/texlive/2018/texmf-dist/tex/latex/fancybox/fancybox.sty
Package: fancybox 2010/05/15 1.4
Style option: `fancybox' v1.4 <2010/05/15> (tvz)
\@fancybox=\box54
\shadowsize=\dimen138
\@Sbox=\box55
\do@VerbBox=\toks22
\the@fancyput=\toks23
\this@fancyput=\toks24
\EndVerbatimTokens=\toks25
\Verbatim@Outfile=\write3
\Verbatim@Infile=\read1
) (/usr/local/texlive/2018/texmf-dist/tex/latex/url/url.sty
\Urlmuskip=\muskip11
Package: url 2013/09/16  ver 3.4  Verb mode for urls, etc.
) (/usr/local/texlive/2018/texmf-dist/tex/latex/geometry/geometry.sty
Package: geometry 2018/04/16 v5.8 Page Geometry
(/usr/local/texlive/2018/texmf-dist/tex/generic/oberdiek/ifpdf.sty
Package: ifpdf 2018/09/07 v3.3 Provides the ifpdf switch
) (/usr/local/texlive/2018/texmf-dist/tex/generic/oberdiek/ifvtex.sty
Package: ifvtex 2016/05/16 v1.6 Detect VTeX and its facilities (HO)
Package ifvtex Info: VTeX not detected.
) (/usr/local/texlive/2018/texmf-dist/tex/generic/ifxetex/ifxetex.sty
Package: ifxetex 2010/09/12 v0.6 Provides ifxetex conditional
)
\Gm@cnth=\count106
\Gm@cntv=\count107
\c@Gm@tempcnt=\count108
\Gm@bindingoffset=\dimen139
\Gm@wd@mp=\dimen140
\Gm@odd@mp=\dimen141
\Gm@even@mp=\dimen142
\Gm@layoutwidth=\dimen143
\Gm@layoutheight=\dimen144
\Gm@layouthoffset=\dimen145
\Gm@layoutvoffset=\dimen146
\Gm@dimlist=\toks26
) (/usr/local/texlive/2018/texmf-dist/tex/latex/graphics/color.sty
Package: color 2016/07/10 v1.1e Standard LaTeX Color (DPC)
(/usr/local/texlive/2018/texmf-dist/tex/latex/graphics-cfg/color.cfg
File: color.cfg 2016/01/02 v1.6 sample color configuration
)
Package color Info: Driver file: dvips.def on input line 147.
(/usr/local/texlive/2018/texmf-dist/tex/latex/graphics-def/dvips.def
File: dvips.def 2017/06/20 v3.1d Graphics/color driver for dvips
) (/usr/local/texlive/2018/texmf-dist/tex/latex/graphics/dvipsnam.def
File: dvipsnam.def 2016/06/17 v3.0m Driver-dependent file (DPC,SPQR)
)) (/usr/local/texlive/2018/texmf-dist/tex/latex/base/inputenc.sty
Package: inputenc 2018/08/11 v1.3c Input encoding file
\inpenc@prehook=\toks27
\inpenc@posthook=\toks28
)
\sizebox=\box56
\lthtmlwrite=\write4

LaTeX Warning: Unused global option(s):
    [a3paper].

(./images.aux

LaTeX Warning: Label `tab.anovanp2simple' multiply defined.

)
\openout1 = `images.aux'.

LaTeX Font Info:    Checking defaults for OML/cmm/m/it on input line 186.
LaTeX Font Info:    ... okay on input line 186.
LaTeX Font Info:    Checking defaults for T1/cmr/m/n on input line 186.
LaTeX Font Info:    ... okay on input line 186.
LaTeX Font Info:    Checking defaults for OT1/cmr/m/n on input line 186.
LaTeX Font Info:    ... okay on input line 186.
LaTeX Font Info:    Checking defaults for OMS/cmsy/m/n on input line 186.
LaTeX Font Info:    ... okay on input line 186.
LaTeX Font Info:    Checking defaults for OMX/cmex/m/n on input line 186.
LaTeX Font Info:    ... okay on input line 186.
LaTeX Font Info:    Checking defaults for U/cmr/m/n on input line 186.
LaTeX Font Info:    ... okay on input line 186.
LaTeX Font Info:    Checking defaults for JY1/mc/m/n on input line 186.
LaTeX Font Info:    ... okay on input line 186.
LaTeX Font Info:    Checking defaults for JT1/mc/m/n on input line 186.
LaTeX Font Info:    ... okay on input line 186.
*geometry* driver: auto-detecting
*geometry* detected driver: dvips
*geometry* verbose mode - [ preamble ] result:
* driver: dvips
* paper: a3paper
* layout: <same size as paper>
* layoutoffset:(h,v)=(0.0pt,0.0pt)
* modes: 
* h-part:(L,W,R)=(71.13188pt, 702.78308pt, 71.13188pt)
* v-part:(T,H,B)=(85.35826pt, 1024.29922pt, 85.35826pt)
* \paperwidth=845.04684pt
* \paperheight=1195.01575pt
* \textwidth=451.0pt
* \textheight=554.0pt
* \oddsidemargin=-1.1381pt
* \evensidemargin=-1.1381pt
* \topmargin=0.0pt
* \headheight=0.0pt
* \headsep=0.0pt
* \topskip=0.00003pt
* \footskip=0.0pt
* \marginparwidth=106.0pt
* \marginparsep=10.0pt
* \columnsep=10.0pt
* \skip\footins=9.0pt plus 4.0pt minus 2.0pt
* \hoffset=0.0pt
* \voffset=0.0pt
* \mag=1000
* \@twocolumnfalse
* \@twosidefalse
* \@mparswitchfalse
* \@reversemarginfalse
* (1in=72.27pt=25.4mm, 1cm=28.453pt)


latex2htmlLength hsize=451.0pt

latex2htmlLength vsize=554.0pt

latex2htmlLength hoffset=0.0pt

latex2htmlLength voffset=0.0pt

latex2htmlLength topmargin=0.0pt

latex2htmlLength topskip=0.00003pt

latex2htmlLength headheight=0.0pt

latex2htmlLength headsep=0.0pt

latex2htmlLength parskip=0.0pt plus 1.0pt

latex2htmlLength oddsidemargin=-1.1381pt

latex2htmlLength evensidemargin=-1.1381pt

l2hSize :tex2html_wrap_inline2217:6.45831pt::0.0pt::10.50005pt.
[1



]
l2hSize :tex2html_wrap_inline2265:6.95831pt::6.95831pt::5.53128pt.
[2


]
l2hSize :tex2html_wrap_inline2283:6.45831pt::0.0pt::4.11115pt.
[3


]
l2hSize :tex2html_wrap_inline2291:8.0pt::8.0pt::58.00005pt.
[4


]
l2hSize :tex2html_wrap_inline2293:6.95831pt::6.95831pt::36.64233pt.
[5


]
l2hSize :tex2html_wrap_inline2299:6.94444pt::0.0pt::41.81596pt.
[6


]
l2hSize :tex2html_wrap_inline2301:8.0pt::8.0pt::87.43213pt.
[7


]
l2hSize :tex2html_wrap_inline2317:15.05554pt::0.0pt::3.27782pt.
[8


]
l2hSize :tex2html_wrap_inline2348:8.0pt::8.0pt::58.00005pt.
[9


]
l2hSize :tex2html_wrap_inline2350:6.95831pt::6.95831pt::36.64233pt.
[10


]
l2hSize :tex2html_wrap_inline2366:8.0pt::8.0pt::76.65283pt.
[11


]
l2hSize :tex2html_wrap_inline2368:6.95831pt::6.95831pt::36.64233pt.
[12


]
l2hSize :tex2html_wrap_inline2370:8.64003pt::8.64003pt::10.31024pt.
[13


]
l2hSize :tex2html_wrap_inline2372:8.14003pt::0.0pt::11.56947pt.
[14


]
l2hSize :tex2html_wrap_inline2375:6.95831pt::6.95831pt::8.27783pt.
[15


]
l2hSize :tex2html_wrap_inline2379:8.0pt::8.0pt::63.00006pt.
[16


]
l2hSize :tex2html_wrap_inline2381:6.95831pt::6.95831pt::56.53477pt.
[17


]
l2hSize :tex2html_wrap_inline2387:8.64003pt::8.64003pt::10.31024pt.
[18


]
l2hSize :tex2html_wrap_inline2392:6.83331pt::0.0pt::8.31949pt.
[19


]
l2hSize :tex2html_wrap_inline2394:6.94444pt::0.0pt::38.22223pt.
[20


]
l2hSize :tex2html_wrap_inline2396:8.0pt::8.0pt::76.65283pt.
[21


]
l2hSize :tex2html_wrap_inline2398:6.95831pt::6.95831pt::36.64233pt.
[22


]
l2hSize :tex2html_wrap_inline2446:8.0pt::8.0pt::81.65285pt.
[23


]
l2hSize :tex2html_wrap_inline2451:8.0pt::8.0pt::56.05556pt.
[24


]
l2hSize :tex2html_wrap_inline2453:8.0pt::8.0pt::70.77786pt.
[25


]
l2hSize :tex2html_wrap_inline2460:8.0pt::8.0pt::81.65285pt.
[26


]
l2hSize :tex2html_wrap_inline2464:8.0pt::8.0pt::71.65282pt.
[27


]
l2hSize :tex2html_wrap_inline2466:6.95831pt::6.95831pt::36.64233pt.
[28


]
l2hSize :tex2html_wrap_inline2468:8.0pt::8.0pt::71.65282pt.
[29


]
l2hSize :tex2html_wrap_inline2470:6.95831pt::6.95831pt::36.64233pt.
[30


]
l2hSize :tex2html_wrap_inline2476:8.0pt::8.0pt::76.65283pt.
[31


]
l2hSize :tex2html_wrap_inline2484:8.0pt::8.0pt::102.16685pt.
[32


]
l2hSize :tex2html_wrap_inline2493:6.95831pt::6.95831pt::28.83337pt.
[33


]
l2hSize :tex2html_wrap_inline2564:6.94444pt::0.0pt::4.79169pt.
[34


]
l2hSize :tex2html_wrap_inline2566:6.94444pt::0.0pt::9.38892pt.
[35


]
l2hSize :tex2html_wrap_inline2579:6.95831pt::6.95831pt::8.27783pt.
[36


]
l2hSize :tex2html_wrap_inline2581:8.14003pt::0.0pt::43.76736pt.
[37


]
l2hSize :tex2html_wrap_inline2583:8.64003pt::8.64003pt::51.7214pt.
[38


]
l2hSize :tex2html_wrap_inline2585:8.0pt::8.0pt::117.23955pt.
[39


]
l2hSize :tex2html_wrap_inline2653:6.95831pt::6.95831pt::23.83336pt.
[40


]
l2hSize :tex2html_wrap_inline2882:6.45831pt::0.0pt::7.08334pt.
[41


]
l2hSize :tex2html_wrap_inline2884:6.45831pt::0.0pt::6.93407pt.
[42


]
l2hSize :tex2html_wrap_inline2905:8.64003pt::8.64003pt::60.13196pt.
[43


]
l2hSize :tex2html_wrap_inline2907:6.95831pt::6.95831pt::36.64233pt.
[44


]
l2hSize :tex2html_wrap_inline2927:8.64003pt::8.64003pt::60.13196pt.
[45


]
l2hSize :tex2html_wrap_inline2929:6.95831pt::6.95831pt::36.64233pt.
[46


]
l2hSize :tex2html_wrap_inline2931:6.83331pt::0.0pt::8.55559pt.
[47


]
l2hSize :tex2html_wrap_inline2933:6.83331pt::0.0pt::39.66664pt.
[48


]
l2hSize :tex2html_wrap_inline2937:6.95831pt::6.95831pt::22.7222pt.
[49


]
l2hSize :tex2html_wrap_inline2947:6.94444pt::0.0pt::5.7049pt.
[50


]
l2hSize :tex2html_wrap_inline2950:8.14003pt::0.0pt::10.48964pt.
[51


]
l2hSize :tex2html_wrap_inline2954:8.0pt::8.0pt::67.2945pt.
[52


]
l2hSize :tex2html_wrap_inline2956:6.95831pt::6.95831pt::36.64233pt.
[53


]
l2hSize :tex2html_wrap_inline2958:8.0pt::8.0pt::47.02513pt.
[54


]
l2hSize :tex2html_wrap_inline2960:6.45831pt::0.0pt::41.7014pt.
[55


]
l2hSize :tex2html_wrap_inline2962:6.95831pt::6.95831pt::36.64233pt.
[56


]
l2hSize :tex2html_wrap_inline2964:6.95831pt::6.95831pt::58.27794pt.
[57


]
l2hSize :tex2html_wrap_inline2966:6.45831pt::0.0pt::6.00351pt.
[58


]
l2hSize :tex2html_wrap_inline2968:8.0pt::8.0pt::169.94463pt.
[59


]
l2hSize :tex2html_wrap_inline2970:8.64003pt::8.64003pt::54.61113pt.
[60


]
l2hSize :tex2html_wrap_inline2974:6.83331pt::0.0pt::9.625pt.
[61


]
l2hSize :tex2html_wrap_inline2979:8.0pt::8.0pt::47.02513pt.
[62


]
l2hSize :tex2html_wrap_inline2981:6.45831pt::0.0pt::41.7014pt.
[63


]
l2hSize :tex2html_wrap_inline2983:6.95831pt::6.95831pt::36.64233pt.
[64


]
l2hSize :tex2html_wrap_inline2985:8.0pt::8.0pt::67.2945pt.
[65


]
l2hSize :tex2html_wrap_inline2987:6.95831pt::6.95831pt::36.64233pt.
[66


]
l2hSize :tex2html_wrap_inline2989:8.14003pt::0.0pt::10.1667pt.
[67


] (./images.aux)

LaTeX Warning: There were multiply-defined labels.

 ) 
Here is how much of TeX's memory you used:
 2434 strings out of 493226
 31019 string characters out of 6144096
 110571 words of memory out of 5000000
 6403 multiletter control sequences out of 15000+600000
 11862 words of font info for 46 fonts, out of 8000000 for 9000
 929 hyphenation exceptions out of 8191
 27i,5n,21p,284b,202s stack positions out of 5000i,500n,10000p,200000b,80000s

Output written on images.dvi (67 pages, 15380 bytes).
