This is e-pTeX, Version 3.14159265-p3.7.1-161114-2.6 (utf8.euc) (TeX Live 2017) (preloaded format=platex 2017.5.23)  5 OCT 2017 13:37
entering extended mode
 restricted \write18 enabled.
 %&-line parsing enabled.
**./images.tex
(./images.tex
pLaTeX2e <2017/05/05> (based on LaTeX2e <2017-04-15>)
Babel <3.10> and hyphenation patterns for 84 language(s) loaded.

(/usr/local/texlive/2017/texmf-dist/tex/platex/base/jarticle.cls
Document Class: jarticle 2017/03/05 v1.7e Standard pLaTeX class
\c@@paper=\count82
(/usr/local/texlive/2017/texmf-dist/tex/platex/base/jsize10.clo
File: jsize10.clo 2017/03/05 v1.7e Standard pLaTeX file (size option)
)
\c@part=\count83
\c@section=\count84
\c@subsection=\count85
\c@subsubsection=\count86
\c@paragraph=\count87
\c@subparagraph=\count88
\c@figure=\count89
\c@table=\count90
\abovecaptionskip=\skip41
\belowcaptionskip=\skip42
\symmincho=\mathgroup4
LaTeX Font Info:    Overwriting symbol font `mincho' in version `bold'
(Font)                  JY1/mc/m/n --> JY1/gt/m/n on input line 613.
\toclineskip=\dimen118
\@lnumwidth=\dimen119
\bibindent=\dimen120
\heisei=\count91
) (/usr/local/texlive/2017/texmf-dist/tex/latex/base/ifthen.sty
Package: ifthen 2014/09/29 v1.1c Standard LaTeX ifthen package (DPC)
) (/usr/local/texlive/2017/texmf-dist/tex/latex/graphics/graphicx.sty
Package: graphicx 2014/10/28 v1.0g Enhanced LaTeX Graphics (DPC,SPQR)
(/usr/local/texlive/2017/texmf-dist/tex/latex/graphics/keyval.sty
Package: keyval 2014/10/28 v1.15 key=value parser (DPC)
\KV@toks@=\toks15
) (/usr/local/texlive/2017/texmf-dist/tex/latex/graphics/graphics.sty
Package: graphics 2017/04/14 v1.1b Standard LaTeX Graphics (DPC,SPQR)
(/usr/local/texlive/2017/texmf-dist/tex/latex/graphics/trig.sty
Package: trig 2016/01/03 v1.10 sin cos tan (DPC)
) (/usr/local/texlive/2017/texmf-dist/tex/latex/graphics-cfg/graphics.cfg
File: graphics.cfg 2016/06/04 v1.11 sample graphics configuration
)
Package graphics Info: Driver file: dvipdfmx.def on input line 99.
(/usr/local/texlive/2017/texmf-dist/tex/latex/graphics-def/dvipdfmx.def
File: dvipdfmx.def 2016/07/11 v4.12 LaTeX color/graphics driver for dvipdfmx (L
3/ChoF)
))
\Gin@req@height=\dimen121
\Gin@req@width=\dimen122
) (/usr/local/texlive/2017/texmf-dist/tex/platex/base/ascmac.sty
Package: ascmac 2016/08/21 v2.0c ascmac wrapper (community edition) 
(/usr/local/texlive/2017/texmf-dist/tex/platex/base/tascmac.sty
Package: tascmac 2016/08/21 v2.0c ascmac package (community edition) 
\@savetbaselineshift=\dimen123
\@saveybaselineshift=\dimen124
\scb@x=\box42
\scscb@x=\box43
\@bw=\dimen125
\@nbox=\box44
\@nbody=\box45
\@scw=\dimen126
\@itemh=\dimen127
\@iboxpos=\toks16
\@iboxstr=\box46
\@bwsp=\box47
\@@bwsp=\box48
\@bcal=\count92
\shaderule=\dimen128
)) (/usr/local/texlive/2017/texmf-dist/tex/latex/amsmath/amsmath.sty
Package: amsmath 2016/11/05 v2.16a AMS math features
\@mathmargin=\skip43
For additional information on amsmath, use the `?' option.
(/usr/local/texlive/2017/texmf-dist/tex/latex/amsmath/amstext.sty
Package: amstext 2000/06/29 v2.01 AMS text
(/usr/local/texlive/2017/texmf-dist/tex/latex/amsmath/amsgen.sty
File: amsgen.sty 1999/11/30 v2.0 generic functions
\@emptytoks=\toks17
\ex@=\dimen129
)) (/usr/local/texlive/2017/texmf-dist/tex/latex/amsmath/amsbsy.sty
Package: amsbsy 1999/11/29 v1.2d Bold Symbols
\pmbraise@=\dimen130
) (/usr/local/texlive/2017/texmf-dist/tex/latex/amsmath/amsopn.sty
Package: amsopn 2016/03/08 v2.02 operator names
)
\inf@bad=\count93
LaTeX Info: Redefining \frac on input line 213.
\uproot@=\count94
\leftroot@=\count95
LaTeX Info: Redefining \overline on input line 375.
\classnum@=\count96
\DOTSCASE@=\count97
LaTeX Info: Redefining \ldots on input line 472.
LaTeX Info: Redefining \dots on input line 475.
LaTeX Info: Redefining \cdots on input line 596.
\Mathstrutbox@=\box49
\strutbox@=\box50
\big@size=\dimen131
LaTeX Font Info:    Redeclaring font encoding OML on input line 712.
LaTeX Font Info:    Redeclaring font encoding OMS on input line 713.
\macc@depth=\count98
\c@MaxMatrixCols=\count99
\dotsspace@=\muskip10
\c@parentequation=\count100
\dspbrk@lvl=\count101
\tag@help=\toks18
\row@=\count102
\column@=\count103
\maxfields@=\count104
\andhelp@=\toks19
\eqnshift@=\dimen132
\alignsep@=\dimen133
\tagshift@=\dimen134
\tagwidth@=\dimen135
\totwidth@=\dimen136
\lineht@=\dimen137
\@envbody=\toks20
\multlinegap=\skip44
\multlinetaggap=\skip45
\mathdisplay@stack=\toks21
LaTeX Info: Redefining \[ on input line 2817.
LaTeX Info: Redefining \] on input line 2818.
) (/usr/local/texlive/2017/texmf-dist/tex/latex/tools/bm.sty
Package: bm 2017/01/16 v1.2c Bold Symbol Support (DPC/FMi)
\symboldoperators=\mathgroup5
\symboldletters=\mathgroup6
\symboldsymbols=\mathgroup7
\symboldmincho=\mathgroup8
LaTeX Font Info:    Redeclaring math alphabet \mathbf on input line 141.
LaTeX Info: Redefining \bm on input line 207.
) (/usr/local/texlive/2017/texmf-dist/tex/latex/geometry/geometry.sty
Package: geometry 2010/09/12 v5.6 Page Geometry
(/usr/local/texlive/2017/texmf-dist/tex/generic/oberdiek/ifpdf.sty
Package: ifpdf 2017/03/15 v3.2 Provides the ifpdf switch
) (/usr/local/texlive/2017/texmf-dist/tex/generic/oberdiek/ifvtex.sty
Package: ifvtex 2016/05/16 v1.6 Detect VTeX and its facilities (HO)
Package ifvtex Info: VTeX not detected.
) (/usr/local/texlive/2017/texmf-dist/tex/generic/ifxetex/ifxetex.sty
Package: ifxetex 2010/09/12 v0.6 Provides ifxetex conditional
)
\Gm@cnth=\count105
\Gm@cntv=\count106
\c@Gm@tempcnt=\count107
\Gm@bindingoffset=\dimen138
\Gm@wd@mp=\dimen139
\Gm@odd@mp=\dimen140
\Gm@even@mp=\dimen141
\Gm@layoutwidth=\dimen142
\Gm@layoutheight=\dimen143
\Gm@layouthoffset=\dimen144
\Gm@layoutvoffset=\dimen145
\Gm@dimlist=\toks22
) (/usr/local/texlive/2017/texmf-dist/tex/latex/framed/framed.sty
Package: framed 2011/10/22 v 0.96: framed or shaded text with page breaks
\OuterFrameSep=\skip46
\fb@frw=\dimen146
\fb@frh=\dimen147
\FrameRule=\dimen148
\FrameSep=\dimen149
) (/usr/local/texlive/2017/texmf-dist/tex/latex/graphics/color.sty
Package: color 2016/07/10 v1.1e Standard LaTeX Color (DPC)
(/usr/local/texlive/2017/texmf-dist/tex/latex/graphics-cfg/color.cfg
File: color.cfg 2016/01/02 v1.6 sample color configuration
)
Package color Info: Driver file: dvips.def on input line 147.
(/usr/local/texlive/2017/texmf-dist/tex/latex/graphics-def/dvips.def
File: dvips.def 2016/07/10 v3.1a Driver-dependent file (DPC,SPQR)
) (/usr/local/texlive/2017/texmf-dist/tex/latex/graphics/dvipsnam.def
File: dvipsnam.def 2016/06/17 v3.0m Driver-dependent file (DPC,SPQR)
)) (/usr/local/texlive/2017/texmf-dist/tex/latex/base/inputenc.sty
Package: inputenc 2015/03/17 v1.2c Input encoding file
\inpenc@prehook=\toks23
\inpenc@posthook=\toks24
)
\sizebox=\box51
\lthtmlwrite=\write3
(./images.aux)
\openout1 = `images.aux'.

LaTeX Font Info:    Checking defaults for OML/cmm/m/it on input line 187.
LaTeX Font Info:    ... okay on input line 187.
LaTeX Font Info:    Checking defaults for T1/cmr/m/n on input line 187.
LaTeX Font Info:    ... okay on input line 187.
LaTeX Font Info:    Checking defaults for OT1/cmr/m/n on input line 187.
LaTeX Font Info:    ... okay on input line 187.
LaTeX Font Info:    Checking defaults for OMS/cmsy/m/n on input line 187.
LaTeX Font Info:    ... okay on input line 187.
LaTeX Font Info:    Checking defaults for OMX/cmex/m/n on input line 187.
LaTeX Font Info:    ... okay on input line 187.
LaTeX Font Info:    Checking defaults for U/cmr/m/n on input line 187.
LaTeX Font Info:    ... okay on input line 187.
LaTeX Font Info:    Checking defaults for JY1/mc/m/n on input line 187.
LaTeX Font Info:    ... okay on input line 187.
LaTeX Font Info:    Checking defaults for JT1/mc/m/n on input line 187.
LaTeX Font Info:    ... okay on input line 187.
*geometry* driver: auto-detecting
*geometry* detected driver: dvips
*geometry* verbose mode - [ preamble ] result:
* driver: dvips
* paper: <default>
* layout: <same size as paper>
* layoutoffset:(h,v)=(0.0pt,0.0pt)
* modes: 
* h-part:(L,W,R)=(42.67912pt, 512.14963pt, 42.67912pt)
* v-part:(T,H,B)=(56.9055pt, 731.23584pt, 56.9055pt)
* \paperwidth=597.50787pt
* \paperheight=845.04684pt
* \textwidth=451.0pt
* \textheight=554.0pt
* \oddsidemargin=-29.59087pt
* \evensidemargin=-29.59087pt
* \topmargin=0.0pt
* \headheight=0.0pt
* \headsep=0.0pt
* \topskip=0.00003pt
* \footskip=0.0pt
* \marginparwidth=106.0pt
* \marginparsep=10.0pt
* \columnsep=10.0pt
* \skip\footins=9.0pt plus 4.0pt minus 2.0pt
* \hoffset=0.0pt
* \voffset=0.0pt
* \mag=1000
* \@twocolumnfalse
* \@twosidefalse
* \@mparswitchfalse
* \@reversemarginfalse
* (1in=72.27pt=25.4mm, 1cm=28.453pt)


latex2htmlLength hsize=451.0pt

latex2htmlLength vsize=554.0pt

latex2htmlLength hoffset=0.0pt

latex2htmlLength voffset=0.0pt

latex2htmlLength topmargin=0.0pt

latex2htmlLength topskip=0.00003pt

latex2htmlLength headheight=0.0pt

latex2htmlLength headsep=0.0pt

latex2htmlLength parskip=0.0pt plus 1.0pt

latex2htmlLength oddsidemargin=-29.59087pt

latex2htmlLength evensidemargin=-29.59087pt

l2hSize :displaymath4564:43.00037pt::0.0pt::451.0pt.
[1



]
l2hSize :tex2html_wrap_inline4570:6.95831pt::6.95831pt::61.94142pt.
[2


]
l2hSize :tex2html_wrap_inline4572:6.95831pt::6.95831pt::31.86395pt.
[3


]
l2hSize :tex2html_wrap_inline4574:6.95831pt::6.95831pt::35.57751pt.
[4


]
l2hSize :tex2html_wrap_inline4576:8.0pt::8.0pt::31.4758pt.
[5


]
l2hSize :tex2html_wrap_inline4578:8.0pt::8.0pt::53.84032pt.
[6


]
l2hSize :tex2html_wrap_inline4580:6.95831pt::6.95831pt::31.86395pt.
[7


]
l2hSize :tex2html_wrap_inline4582:6.95831pt::6.95831pt::35.57751pt.
[8


]
l2hSize :tex2html_wrap_inline4584:6.95831pt::6.95831pt::61.94142pt.
[9


]
l2hSize :tex2html_wrap_inline4586:8.0pt::8.0pt::53.84032pt.
[10


]
l2hSize :tex2html_wrap_inline4588:8.0pt::8.0pt::98.56935pt.
[11


]
l2hSize :tex2html_wrap_inline4605:6.45831pt::0.0pt::5.50005pt.
[12


]
l2hSize :tex2html_wrap_inline4607:8.0pt::8.0pt::31.4758pt.
[13


]
l2hSize :tex2html_wrap_inline4611:8.0pt::8.0pt::53.84032pt.
[14


]
l2hSize :tex2html_wrap_inline4622:8.0pt::8.0pt::39.9861pt.
[15


]
l2hSize :tex2html_wrap_inline4626:18.70554pt::18.70554pt::154.4466pt.
[16


]
l2hSize :tex2html_wrap_inline4628:7.33331pt::7.33331pt::26.66313pt.
[17


]
l2hSize :tex2html_wrap_inline4630:19.39993pt::19.39993pt::116.04637pt.
[18


]
l2hSize :tex2html_wrap_inline4632:19.39993pt::19.39993pt::116.04637pt.
[19


]
l2hSize :tex2html_wrap_inline4634:19.39993pt::19.39993pt::140.54242pt.
[20


]
l2hSize :tex2html_wrap_inline4636:19.39993pt::19.39993pt::145.19868pt.
[21


]
l2hSize :tex2html_wrap_indisplay4651:8.0pt::8.0pt::266.9805pt.
[22


]
l2hSize :tex2html_wrap_inline4653:7.44444pt::7.44444pt::10.64241pt.
[23


]
l2hSize :tex2html_wrap_inline4657:10.94443pt::10.94443pt::16.49779pt.
[24


]
l2hSize :tex2html_wrap_inline4659:10.94443pt::10.94443pt::16.49779pt.
[25


]
l2hSize :tex2html_wrap_inline4661:10.94443pt::10.94443pt::16.49779pt.
[26


]
l2hSize :tex2html_wrap_inline4663:10.94443pt::10.94443pt::16.49779pt.
[27


]
l2hSize :tex2html_wrap_indisplay4665:18.3443pt::18.3443pt::80.02272pt.
[28


]
l2hSize :tex2html_wrap_indisplay4667:18.3443pt::18.3443pt::88.78783pt.
[29


]
l2hSize :tex2html_wrap_inline4673:6.95831pt::6.95831pt::9.67366pt.
[30


]
l2hSize :tex2html_wrap_inline4679:6.95831pt::6.95831pt::9.67366pt.
[31


]
l2hSize :tex2html_wrap_inline4681:6.95831pt::6.95831pt::13.7663pt.
[32


]
l2hSize :tex2html_wrap_inline4683:6.95831pt::6.95831pt::13.7663pt.
[33


]
l2hSize :tex2html_wrap_inline4685:6.95831pt::6.95831pt::11.82645pt.
[34


]
l2hSize :tex2html_wrap_inline4703:10.33723pt::0.0pt::14.09354pt.
[35


]
l2hSize :tex2html_wrap_indisplay4707:17.0209pt::17.0209pt::163.3969pt.
[36


]
l2hSize :tex2html_wrap_inline4711:7.44444pt::7.44444pt::50.10748pt.
[37


]
l2hSize :tex2html_wrap_indisplay4713:18.40826pt::18.40826pt::172.1061pt.
[38


]
l2hSize :tex2html_wrap_indisplay4715:14.20952pt::14.20952pt::50.1617pt.
[39


]
l2hSize :tex2html_wrap_indisplay4717:10.08334pt::10.08334pt::54.227pt.
[40


]
l2hSize :tex2html_wrap_indisplay4719:10.08334pt::10.08334pt::88.2179pt.
[41


]
l2hSize :tex2html_wrap_inline4721:6.95831pt::6.95831pt::5.53128pt.
[42


]
l2hSize :tex2html_wrap_indisplay4723:16.84842pt::16.84842pt::69.66385pt.
[43


] (./images.aux) ) 
Here is how much of TeX's memory you used:
 2264 strings out of 493653
 29402 string characters out of 6148874
 101046 words of memory out of 5000000
 5841 multiletter control sequences out of 15000+600000
 11862 words of font info for 46 fonts, out of 8000000 for 9000
 929 hyphenation exceptions out of 8191
 27i,9n,21p,284b,202s stack positions out of 5000i,500n,10000p,200000b,80000s

Output written on images.dvi (43 pages, 12812 bytes).
